interpretation( 5, [number = 1,seconds = 0], [
    function(g1, [0]),
    function(g2, [1]),
    function(g3, [2]),
    function(g4, [3]),
    function(g5, [4]),
    relation(Apple(_), [0,0,0,0,1]),
    relation(Architecture(_), [0,0,0,0,1]),
    relation(Art(_), [0,1,0,0,0]),
    relation(Aztec(_), [0,0,1,0,0]),
    relation(Black(_), [0,1,0,0,0]),
    relation(Blue(_), [1,0,0,0,0]),
    relation(Chinese(_), [0,0,0,1,0]),
    relation(Cranberry(_), [0,1,0,0,0]),
    relation(Economy(_), [0,0,1,0,0]),
    relation(Egyptian(_), [0,0,0,0,1]),
    relation(Eleven(_), [0,0,1,0,0]),
    relation(Ella(_), [0,0,1,0,0]),
    relation(Fourteen(_), [0,1,0,0,0]),
    relation(Girl1(_), [1,0,0,0,0]),
    relation(Girl2(_), [0,1,0,0,0]),
    relation(Girl3(_), [0,0,1,0,0]),
    relation(Girl4(_), [0,0,0,1,0]),
    relation(Girl5(_), [0,0,0,0,1]),
    relation(Grapefruit(_), [0,0,1,0,0]),
    relation(Greek(_), [0,1,0,0,0]),
    relation(Green(_), [0,0,0,0,1]),
    relation(Julia(_), [1,0,0,0,0]),
    relation(Lily(_), [0,0,0,1,0]),
    relation(Makayla(_), [0,0,0,0,1]),
    relation(Orange(_), [1,0,0,0,0]),
    relation(Red(_), [0,0,1,0,0]),
    relation(Religion(_), [0,0,0,1,0]),
    relation(Riley(_), [0,1,0,0,0]),
    relation(Roman(_), [1,0,0,0,0]),
    relation(Science(_), [1,0,0,0,0]),
    relation(Strawberry(_), [0,0,0,1,0]),
    relation(Ten(_), [0,0,0,0,1]),
    relation(Thirteen(_), [1,0,0,0,0]),
    relation(Twelve(_), [0,0,0,1,0]),
    relation(White(_), [0,0,0,1,0]),
    relation(extremity(_), [1,0,0,0,1]),
    relation(differentFrom(_,_), [
        0,1,1,1,1,
        1,0,1,1,1,
        1,1,0,1,1,
        1,1,1,0,1,
        1,1,1,1,0]),
    relation(directlyright(_,_), [
        0,1,0,0,0,
        0,0,1,0,0,
        0,0,0,1,0,
        0,0,0,0,1,
        0,0,0,0,0]),
    relation(inbetween(_,_), [
        0,0,1,1,1,
        0,0,0,1,1,
        0,0,0,0,1,
        0,0,0,0,0,
        0,0,0,0,0]),
    relation(nextto(_,_), [
        0,1,0,0,0,
        1,0,1,0,0,
        0,1,0,1,0,
        0,0,1,0,1,
        0,0,0,1,0]),
    relation(right(_,_), [
        0,1,1,1,1,
        0,0,1,1,1,
        0,0,0,1,1,
        0,0,0,0,1,
        0,0,0,0,0])]).
