interpretation( 5, [number = 1,seconds = 0], [
    function(g1, [0]),
    function(g2, [1]),
    function(g3, [2]),
    function(g4, [3]),
    function(g5, [4]),
    relation(Australia(_), [0,0,0,1,0]),
    relation(Blue(_), [0,1,0,0,0]),
    relation(Boost(_), [0,0,0,0,1]),
    relation(Bowling(_), [0,0,1,0,0]),
    relation(Canada(_), [0,0,0,0,1]),
    relation(Crocodile(_), [0,0,1,0,0]),
    relation(Crunchies(_), [1,0,0,0,0]),
    relation(DairyMilk(_), [0,0,1,0,0]),
    relation(Florida(_), [0,0,1,0,0]),
    relation(Georgina(_), [0,0,0,0,1]),
    relation(Girl1(_), [1,0,0,0,0]),
    relation(Girl2(_), [0,1,0,0,0]),
    relation(Girl3(_), [0,0,1,0,0]),
    relation(Girl4(_), [0,0,0,1,0]),
    relation(Girl5(_), [0,0,0,0,1]),
    relation(Green(_), [0,0,0,1,0]),
    relation(Hamster(_), [0,0,0,0,1]),
    relation(Hannah(_), [0,0,1,0,0]),
    relation(Horse(_), [0,0,0,1,0]),
    relation(Jessica(_), [0,0,0,1,0]),
    relation(Jo(_), [0,1,0,0,0]),
    relation(Lilac(_), [1,0,0,0,0]),
    relation(Lucy(_), [1,0,0,0,0]),
    relation(Maldives(_), [1,0,0,0,0]),
    relation(MilkyBars(_), [0,0,0,1,0]),
    relation(Pink(_), [0,0,1,0,0]),
    relation(Puppy(_), [0,1,0,0,0]),
    relation(Purple(_), [0,0,0,0,1]),
    relation(Rabbit(_), [1,0,0,0,0]),
    relation(Riding(_), [0,1,0,0,0]),
    relation(Skiing(_), [0,0,0,1,0]),
    relation(Swimming(_), [0,0,0,0,1]),
    relation(Tennis(_), [1,0,0,0,0]),
    relation(Tobago(_), [0,1,0,0,0]),
    relation(WispaBites(_), [0,1,0,0,0]),
    relation(differentFrom(_,_), [
        0,1,1,1,1,
        1,0,1,1,1,
        1,1,0,1,1,
        1,1,1,0,1,
        1,1,1,1,0]),
    relation(directlyright(_,_), [
        0,1,0,0,0,
        0,0,1,0,0,
        0,0,0,1,0,
        0,0,0,0,1,
        0,0,0,0,0]),
    relation(nextto(_,_), [
        0,1,0,0,0,
        1,0,1,0,0,
        0,1,0,1,0,
        0,0,1,0,1,
        0,0,0,1,0])]).
