interpretation( 5, [number = 1,seconds = 17], [
    function(d1, [0]),
    function(d2, [1]),
    function(d3, [2]),
    function(d4, [3]),
    function(d5, [4]),
    relation(Bedroom(_), [0,0,1,0,0]),
    relation(Birds(_), [0,0,1,0,0]),
    relation(Blue(_), [0,0,0,0,1]),
    relation(Bryan(_), [1,0,0,0,0]),
    relation(Casey(_), [0,0,0,1,0]),
    relation(Diamonds(_), [1,0,0,0,0]),
    relation(EightHundred(_), [0,0,0,0,1]),
    relation(FourHundred(_), [0,1,0,0,0]),
    relation(Garrett(_), [0,0,1,0,0]),
    relation(Green(_), [1,0,0,0,0]),
    relation(Hall(_), [0,0,0,0,1]),
    relation(Library(_), [1,0,0,0,0]),
    relation(LivingRoom(_), [0,1,0,0,0]),
    relation(Lotuses(_), [0,0,0,1,0]),
    relation(Man1(_), [1,0,0,0,0]),
    relation(Man2(_), [0,1,0,0,0]),
    relation(Man3(_), [0,0,1,0,0]),
    relation(Man4(_), [0,0,0,1,0]),
    relation(Man5(_), [0,0,0,0,1]),
    relation(Office(_), [0,0,0,1,0]),
    relation(OneThousand(_), [1,0,0,0,0]),
    relation(Orange(_), [0,0,0,1,0]),
    relation(Oval(_), [1,0,0,0,0]),
    relation(Rectangular(_), [0,0,0,0,1]),
    relation(Red(_), [0,0,1,0,0]),
    relation(Roses(_), [0,0,0,0,1]),
    relation(Round(_), [0,0,0,1,0]),
    relation(Runner(_), [0,1,0,0,0]),
    relation(Shane(_), [0,0,0,0,1]),
    relation(SixHundred(_), [0,0,0,1,0]),
    relation(Square(_), [0,0,1,0,0]),
    relation(Stars(_), [0,1,0,0,0]),
    relation(Timothy(_), [0,1,0,0,0]),
    relation(TwelveHundred(_), [0,0,1,0,0]),
    relation(Yellow(_), [0,1,0,0,0]),
    relation(extremity(_), [1,0,0,0,1]),
    relation(differentFrom(_,_), [
        0,1,1,1,1,
        1,0,1,1,1,
        1,1,0,1,1,
        1,1,1,0,1,
        1,1,1,1,0]),
    relation(directlyright(_,_), [
        0,1,0,0,0,
        0,0,1,0,0,
        0,0,0,1,0,
        0,0,0,0,1,
        0,0,0,0,0]),
    relation(nextto(_,_), [
        0,1,0,0,0,
        1,0,1,0,0,
        0,1,0,1,0,
        0,0,1,0,1,
        0,0,0,1,0]),
    relation(right(_,_), [
        0,1,1,1,1,
        0,0,1,1,1,
        0,0,0,1,1,
        0,0,0,0,1,
        0,0,0,0,0])]).
