interpretation( 5, [number = 1,seconds = 0], [
    function(d1, [0]),
    function(d2, [1]),
    function(d3, [2]),
    function(d4, [3]),
    function(d5, [4]),
    relation(Ana(_), [0,0,0,1,0]),
    relation(Biologist(_), [0,0,0,0,1]),
    relation(Blue(_), [0,0,0,1,0]),
    relation(China(_), [0,1,0,0,0]),
    relation(Egypt(_), [0,0,0,0,1]),
    relation(FifteenDays(_), [0,1,0,0,0]),
    relation(FiveDays(_), [0,0,0,1,0]),
    relation(Glenda(_), [0,0,0,0,1]),
    relation(Green(_), [0,0,1,0,0]),
    relation(Hostess(_), [0,1,0,0,0]),
    relation(Italy(_), [0,0,0,1,0]),
    relation(Jessie(_), [0,1,0,0,0]),
    relation(Judge(_), [1,0,0,0,0]),
    relation(Lara(_), [1,0,0,0,0]),
    relation(Mexico(_), [0,0,1,0,0]),
    relation(Nurse(_), [0,0,0,1,0]),
    relation(Peru(_), [1,0,0,0,0]),
    relation(Red(_), [1,0,0,0,0]),
    relation(Rose(_), [0,0,1,0,0]),
    relation(Singer(_), [0,0,1,0,0]),
    relation(TenDays(_), [0,0,0,0,1]),
    relation(Thirty(_), [1,0,0,0,0]),
    relation(ThirtyTwo(_), [0,0,0,0,1]),
    relation(TwentyDays(_), [0,0,1,0,0]),
    relation(TwentyEight(_), [0,0,0,1,0]),
    relation(TwentyFiveDays(_), [1,0,0,0,0]),
    relation(TwentyFour(_), [0,0,1,0,0]),
    relation(TwentySix(_), [0,1,0,0,0]),
    relation(White(_), [0,1,0,0,0]),
    relation(Woman1(_), [1,0,0,0,0]),
    relation(Woman2(_), [0,1,0,0,0]),
    relation(Woman3(_), [0,0,1,0,0]),
    relation(Woman4(_), [0,0,0,1,0]),
    relation(Woman5(_), [0,0,0,0,1]),
    relation(Yellow(_), [0,0,0,0,1]),
    relation(extremity(_), [1,0,0,0,1]),
    relation(differentFrom(_,_), [
        0,1,1,1,1,
        1,0,1,1,1,
        1,1,0,1,1,
        1,1,1,0,1,
        1,1,1,1,0]),
    relation(directlyright(_,_), [
        0,1,0,0,0,
        0,0,1,0,0,
        0,0,0,1,0,
        0,0,0,0,1,
        0,0,0,0,0]),
    relation(nextto(_,_), [
        0,1,0,0,0,
        1,0,1,0,0,
        0,1,0,1,0,
        0,0,1,0,1,
        0,0,0,1,0]),
    relation(right(_,_), [
        0,1,1,1,1,
        0,0,1,1,1,
        0,0,0,1,1,
        0,0,0,0,1,
        0,0,0,0,0])]).
